Hello there! Good job opening this file!

------------------------------------------------------------
Sender: LSF System <lsf@hequ0010>
Subject: Job 481989: <dataset_testbed__name_optical__expid_00239721__entry_default> in cluster <slac> Done

Job <dataset_testbed__name_optical__expid_00239721__entry_default> was submitted from host <ki-ls09> by user <cpd> in cluster <slac> at Thu Sep 21 12:05:00 2017.
Job was executed on host(s) <2*hequ0010>, in queue <medium>, as user <cpd> in cluster <slac> at Thu Sep 21 15:19:12 2017.
</u/ki/cpd> was used as the home directory.
</u/ki/cpd/Projects/piff_des/tests> was used as the working directory.
Started at Thu Sep 21 15:19:12 2017.
Terminated at Thu Sep 21 16:02:25 2017.
Results reported at Thu Sep 21 16:02:25 2017.

Your job looked like:

------------------------------------------------------------
# LSBATCH: User input
python /u/ki/cpd/Projects/piff_des/tests/run_data_fits.py --directory /u/ki/cpd/ki19/piff_test/testbed/2017.09.21/optical/00239721/default
------------------------------------------------------------

Successfully completed.

Resource usage summary:

    CPU time :                                   2537.21 sec.
    Max Memory :                                 3929 MB
    Average Memory :                             421.00 MB
    Total Requested Memory :                     -
    Delta Memory :                               -
    Max Swap :                                   -
    Max Processes :                              4
    Max Threads :                                20
    Run time :                                   2593 sec.
    Turnaround time :                            14245 sec.

The output (if any) is above this job summary.

